<?xml version="1.0" encoding="UTF-8"?>
<!-- Generated by org.testng.reporters.JUnitReportReporter -->
<testsuite hostname="DESKTOP-BJOCVO5" failures="0" tests="1" name="acukRegPACKAGE.RegFunctionality" time="16.531" errors="0" timestamp="2023-06-13T17:11:42 BST" skipped="0">
  <testcase classname="acukRegPACKAGE.RegFunctionality" name="ValidateAccountRegistrationWithoutState" time="16.531"/>
  <system-out/>
</testsuite> <!-- acukRegPACKAGE.RegFunctionality -->
